<?xml version="1.0" encoding="UTF-8"?>
<!-- Generated by org.testng.reporters.JUnitReportReporter -->
<testsuite hostname="DESKTOP-KQ50DMK" failures="0" tests="16" name="magentodemotestrunner.MagentoDemoRunnerTest" time="279.063" errors="0" timestamp="2024-11-27T15:08:08 WET" skipped="0">
  <testcase classname="magentodemotestrunner.MagentoDemoRunnerTest" name="runScenario" time="16.502"/>
  <system-out/>
  <testcase classname="magentodemotestrunner.MagentoDemoRunnerTest" name="runScenario" time="19.204"/>
  <system-out/>
  <testcase classname="magentodemotestrunner.MagentoDemoRunnerTest" name="runScenario" time="8.568"/>
  <system-out/>
  <testcase classname="magentodemotestrunner.MagentoDemoRunnerTest" name="runScenario" time="14.893"/>
  <system-out/>
  <testcase classname="magentodemotestrunner.MagentoDemoRunnerTest" name="runScenario" time="17.275"/>
  <system-out/>
  <testcase classname="magentodemotestrunner.MagentoDemoRunnerTest" name="runScenario" time="16.586"/>
  <system-out/>
  <testcase classname="magentodemotestrunner.MagentoDemoRunnerTest" name="runScenario" time="20.094"/>
  <system-out/>
  <testcase classname="magentodemotestrunner.MagentoDemoRunnerTest" name="runScenario" time="12.312"/>
  <system-out/>
  <testcase classname="magentodemotestrunner.MagentoDemoRunnerTest" name="runScenario" time="16.538"/>
  <system-out/>
  <testcase classname="magentodemotestrunner.MagentoDemoRunnerTest" name="runScenario" time="13.080"/>
  <system-out/>
  <testcase classname="magentodemotestrunner.MagentoDemoRunnerTest" name="runScenario" time="20.377"/>
  <system-out/>
  <testcase classname="magentodemotestrunner.MagentoDemoRunnerTest" name="runScenario" time="5.302"/>
  <system-out/>
  <testcase classname="magentodemotestrunner.MagentoDemoRunnerTest" name="runScenario" time="44.538"/>
  <system-out/>
  <testcase classname="magentodemotestrunner.MagentoDemoRunnerTest" name="runScenario" time="39.945"/>
  <system-out/>
  <testcase classname="magentodemotestrunner.MagentoDemoRunnerTest" name="runScenario" time="6.551"/>
  <system-out/>
  <testcase classname="magentodemotestrunner.MagentoDemoRunnerTest" name="runScenario" time="7.298"/>
  <system-out/>
</testsuite> <!-- magentodemotestrunner.MagentoDemoRunnerTest -->
