<?xml version="1.0" encoding="UTF-8"?>
<!-- Generated by org.testng.reporters.JUnitReportReporter -->
<testsuite hostname="DESKTOP-KQ50DMK" failures="0" tests="4" name="magentodemotestrunner.MagentoDemoRunnerTest" time="71.017" errors="0" timestamp="2024-11-27T15:01:11 WET" skipped="0">
  <testcase classname="magentodemotestrunner.MagentoDemoRunnerTest" name="runScenario" time="19.621"/>
  <system-out/>
  <testcase classname="magentodemotestrunner.MagentoDemoRunnerTest" name="runScenario" time="24.915"/>
  <system-out/>
  <testcase classname="magentodemotestrunner.MagentoDemoRunnerTest" name="runScenario" time="12.887"/>
  <system-out/>
  <testcase classname="magentodemotestrunner.MagentoDemoRunnerTest" name="runScenario" time="13.594"/>
  <system-out/>
</testsuite> <!-- magentodemotestrunner.MagentoDemoRunnerTest -->
