<?xml version="1.0" encoding="UTF-8"?>
<!-- Generated by org.testng.reporters.JUnitReportReporter -->
<testsuite hostname="DESKTOP-KQ50DMK" failures="0" tests="24" name="magentodemotestrunner.MagentoDemoRunnerTest" time="363.853" errors="0" timestamp="2024-11-27T13:38:17 WET" skipped="0">
  <testcase classname="magentodemotestrunner.MagentoDemoRunnerTest" name="runScenario" time="7.968"/>
  <system-out/>
  <testcase classname="magentodemotestrunner.MagentoDemoRunnerTest" name="runScenario" time="7.369"/>
  <system-out/>
  <testcase classname="magentodemotestrunner.MagentoDemoRunnerTest" name="runScenario" time="4.396"/>
  <system-out/>
  <testcase classname="magentodemotestrunner.MagentoDemoRunnerTest" name="runScenario" time="11.034"/>
  <system-out/>
  <testcase classname="magentodemotestrunner.MagentoDemoRunnerTest" name="runScenario" time="8.126"/>
  <system-out/>
  <testcase classname="magentodemotestrunner.MagentoDemoRunnerTest" name="runScenario" time="37.545"/>
  <system-out/>
  <testcase classname="magentodemotestrunner.MagentoDemoRunnerTest" name="runScenario" time="16.210"/>
  <system-out/>
  <testcase classname="magentodemotestrunner.MagentoDemoRunnerTest" name="runScenario" time="5.243"/>
  <system-out/>
  <testcase classname="magentodemotestrunner.MagentoDemoRunnerTest" name="runScenario" time="5.967"/>
  <system-out/>
  <testcase classname="magentodemotestrunner.MagentoDemoRunnerTest" name="runScenario" time="17.492"/>
  <system-out/>
  <testcase classname="magentodemotestrunner.MagentoDemoRunnerTest" name="runScenario" time="25.458"/>
  <system-out/>
  <testcase classname="magentodemotestrunner.MagentoDemoRunnerTest" name="runScenario" time="6.248"/>
  <system-out/>
  <testcase classname="magentodemotestrunner.MagentoDemoRunnerTest" name="runScenario" time="15.634"/>
  <system-out/>
  <testcase classname="magentodemotestrunner.MagentoDemoRunnerTest" name="runScenario" time="5.380"/>
  <system-out/>
  <testcase classname="magentodemotestrunner.MagentoDemoRunnerTest" name="runScenario" time="17.023"/>
  <system-out/>
  <testcase classname="magentodemotestrunner.MagentoDemoRunnerTest" name="runScenario" time="15.241"/>
  <system-out/>
  <testcase classname="magentodemotestrunner.MagentoDemoRunnerTest" name="runScenario" time="14.217"/>
  <system-out/>
  <testcase classname="magentodemotestrunner.MagentoDemoRunnerTest" name="runScenario" time="16.204"/>
  <system-out/>
  <testcase classname="magentodemotestrunner.MagentoDemoRunnerTest" name="runScenario" time="44.688"/>
  <system-out/>
  <testcase classname="magentodemotestrunner.MagentoDemoRunnerTest" name="runScenario" time="8.334"/>
  <system-out/>
  <testcase classname="magentodemotestrunner.MagentoDemoRunnerTest" name="runScenario" time="46.327"/>
  <system-out/>
  <testcase classname="magentodemotestrunner.MagentoDemoRunnerTest" name="runScenario" time="13.958"/>
  <system-out/>
  <testcase classname="magentodemotestrunner.MagentoDemoRunnerTest" name="runScenario" time="9.371"/>
  <system-out/>
  <testcase classname="magentodemotestrunner.MagentoDemoRunnerTest" name="runScenario" time="4.420"/>
  <system-out/>
</testsuite> <!-- magentodemotestrunner.MagentoDemoRunnerTest -->
